\BOOKMARK [0][-]{chapter.1}{\376\377\000B\000y\000e\000r\000s\000,\000\040\000f\000i\000r\000s\000t\000\040\000m\000o\000d\000u\000l\000e}{}% 1
\BOOKMARK [0][-]{chapter.2}{\376\377\000A\000l\000b\000e\000r\000t\000:\000\040\000F\000i\000r\000s\000t\000\040\000M\000o\000d\000u\000l\000e}{}% 2
\BOOKMARK [1][-]{section.2.1}{\376\377\000I\000n\000t\000r\000o\000d\000u\000c\000t\000i\000o\000n\000\040\000t\000o\000\040\000E\000n\000e\000r\000g\000y\000-\000B\000a\000s\000e\000d\000\040\000M\000o\000d\000e\000l\000s}{chapter.2}% 3
\BOOKMARK [2][-]{subsection.2.1.1}{\376\377\000G\000o\000a\000l\000s\000\040\000o\000f\000\040\000E\000n\000e\000r\000g\000y\000-\000B\000a\000s\000e\000d\000\040\000M\000o\000d\000e\000l\000s}{section.2.1}% 4
\BOOKMARK [1][-]{section.2.2}{\376\377\000T\000h\000e\000\040\000I\000s\000i\000n\000g\000\040\000M\000o\000d\000e\000l}{chapter.2}% 5
\BOOKMARK [2][-]{subsection.2.2.1}{\376\377\000T\000h\000e\000\040\000G\000i\000b\000b\000s\000\040\000E\000n\000s\000e\000m\000b\000l\000e\000\040\000a\000n\000d\000\040\000T\000h\000e\000r\000m\000o\000d\000y\000n\000a\000m\000i\000c\000s}{section.2.2}% 6
\BOOKMARK [2][-]{subsection.2.2.2}{\376\377\000M\000e\000a\000n\000\040\000F\000i\000e\000l\000d\000\040\000T\000h\000e\000o\000r\000y\000\040\000a\000n\000d\000\040\000H\000u\000b\000b\000a\000r\000d\000-\000S\000t\000r\000a\000t\000o\000n\000o\000v\000i\000c\000h}{section.2.2}% 7
\BOOKMARK [2][-]{subsection.2.2.3}{\376\377\000T\000r\000a\000n\000s\000i\000t\000i\000o\000n\000s\000\040\000a\000n\000d\000\040\000S\000u\000s\000c\000e\000p\000t\000i\000b\000i\000l\000i\000t\000y}{section.2.2}% 8
\BOOKMARK [1][-]{section.2.3}{\376\377\000T\000h\000e\000\040\000H\000o\000p\000f\000i\000e\000l\000d\000\040\000M\000o\000d\000e\000l}{chapter.2}% 9
\BOOKMARK [2][-]{subsection.2.3.1}{\376\377\000H\000e\000b\000b\000i\000a\000n\000\040\000L\000e\000a\000r\000n\000i\000n\000g}{section.2.3}% 10
\BOOKMARK [2][-]{subsection.2.3.2}{\376\377\000T\000h\000e\000\040\000M\000a\000t\000t\000i\000s\000\040\000M\000o\000d\000e\000l}{section.2.3}% 11
\BOOKMARK [0][-]{chapter.3}{\376\377\000B\000y\000e\000r\000s\000\040\000I\000I\000\040\000M\000o\000d\000u\000l\000e}{}% 12
\BOOKMARK [1][-]{section.3.1}{\376\377\000L\000e\000c\000t\000u\000r\000e\000\040\0005\000\040\000-\000\040\000D\000i\000f\000f\000e\000r\000e\000n\000t\000i\000a\000l\000\040\000g\000e\000o\000m\000e\000t\000r\000y\000\040\000i\000n\000\040\000M\000L}{chapter.3}% 13
\BOOKMARK [2][-]{subsection.3.1.1}{\376\377\000I\000n\000t\000r\000o\000d\000u\000c\000t\000o\000r\000y\000\040\000e\000x\000a\000m\000p\000l\000e}{section.3.1}% 14
\BOOKMARK [2][-]{subsection.3.1.2}{\376\377\000D\000i\000f\000f\000e\000r\000e\000n\000t\000i\000a\000l\000\040\000g\000e\000o\000m\000e\000t\000r\000y}{section.3.1}% 15
\BOOKMARK [2][-]{subsection.3.1.3}{\376\377\000R\000e\000c\000a\000p\000:\000\040\000M\000L\000\040\000t\000u\000r\000n\000s\000\040\000p\000r\000o\000b\000a\000b\000i\000l\000i\000s\000t\000i\000c\000\040\000p\000r\000o\000b\000l\000e\000m\000s\000\040\000i\000n\000t\000o\000\040\000g\000e\000o\000m\000e\000t\000r\000i\000c\000a\000l\000\040\000p\000r\000o\000b\000l\000e\000m\000s}{section.3.1}% 16
\BOOKMARK [2][-]{subsection.3.1.4}{\376\377\000R\000e\000c\000a\000p\000:\000\040\000t\000h\000e\000\040\000e\000m\000b\000e\000d\000d\000i\000n\000g\000\040\000a\000n\000d\000\040\000t\000h\000e\000\040\000c\000r\000u\000m\000p\000l\000e\000d\000\040\000p\000a\000p\000e\000r\000\040\000a\000n\000a\000l\000o\000g\000y}{section.3.1}% 17
\BOOKMARK [2][-]{subsection.3.1.5}{\376\377\000D\000a\000t\000a\000\040\000s\000u\000f\000f\000i\000c\000i\000e\000n\000c\000y\000\040\000i\000s\000\040\000a\000\040\000l\000o\000c\000a\000l\000\040\000q\000u\000e\000s\000t\000i\000o\000n}{section.3.1}% 18
\BOOKMARK [2][-]{subsection.3.1.6}{\376\377\000L\000o\000c\000a\000l\000i\000t\000y\000\040\000a\000n\000d\000\040\000d\000a\000t\000a\000\040\000a\000t\000t\000r\000i\000b\000u\000t\000i\000o\000n\000:\000\040\000N\000e\000u\000r\000a\000l\000\040\000n\000e\000t\000w\000o\000r\000k\000s\000\040\000v\000e\000r\000s\000u\000s\000\040\000K\000e\000r\000n\000e\000l\000\040\000M\000e\000t\000h\000o\000d\000s}{section.3.1}% 19
\BOOKMARK [2][-]{subsection.3.1.7}{\376\377\000W\000e\000\040\000n\000e\000e\000d\000\040\000t\000o\000\040\000l\000e\000a\000r\000n\000\040\000h\000o\000w\000\040\000t\000o\000\040\000d\000o\000\040\000l\000o\000c\000a\000l\000\040\000P\000C\000A}{section.3.1}% 20
\BOOKMARK [1][-]{section.3.2}{\376\377\000L\000e\000c\000t\000u\000r\000e\000\040\0006\000:\000\040\000D\000i\000f\000f\000e\000r\000e\000n\000t\000i\000a\000l\000\040\000g\000e\000o\000m\000e\000t\000r\000y\000\040\000i\000n\000\040\000M\000L\000,\000\040\000p\000a\000r\000t\000\040\000I\000I}{chapter.3}% 21
\BOOKMARK [2][-]{subsection.3.2.1}{\376\377\000R\000e\000m\000a\000r\000k\000:\000\040\000M\000L\000\040\000w\000a\000s\000\040\000d\000e\000v\000e\000l\000o\000p\000e\000d\000\040\000f\000o\000r\000\040\000t\000a\000s\000k\000s\000\040\000t\000h\000a\000t\000\040\000a\000r\000e\000\040\000e\000s\000s\000e\000n\000t\000i\000a\000l\000l\000y\000\040\000d\000i\000f\000f\000e\000r\000e\000n\000t\000\040\000f\000r\000o\000m\000\040\000t\000h\000o\000s\000e\000\040\000i\000n\000\040\000t\000h\000e\000\040\000p\000h\000y\000s\000i\000c\000a\000l\000\040\000s\000c\000i\000e\000n\000c\000e\000s}{section.3.2}% 22
\BOOKMARK [2][-]{subsection.3.2.2}{\376\377\000R\000e\000m\000a\000r\000k\000:\000\040\000N\000o\000i\000s\000e\000\040\000i\000s\000\040\000a\000\040\000m\000o\000d\000e\000l\000l\000i\000n\000g\000\040\000c\000h\000o\000i\000c\000e}{section.3.2}% 23
\BOOKMARK [2][-]{subsection.3.2.3}{\376\377\000T\000h\000e\000\040\000m\000e\000t\000r\000i\000c\000\040\000t\000e\000n\000s\000o\000r}{section.3.2}% 24
\BOOKMARK [2][-]{subsection.3.2.4}{\376\377\000O\000u\000r\000\040\000i\000n\000t\000e\000n\000d\000e\000d\000\040\000p\000i\000p\000e\000l\000i\000n\000e\000\040\000t\000o\000\040\000l\000e\000a\000r\000n\000\040\000t\000h\000e\000\040\000m\000a\000n\000i\000f\000o\000l\000d}{section.3.2}% 25
\BOOKMARK [2][-]{subsection.3.2.5}{\376\377\000Q\000\040\000a\000n\000d\000\040\000A}{section.3.2}% 26
